<?xml version="1.0" encoding="UTF-8"?>
<!-- Generated by org.testng.reporters.JUnitReportReporter -->
<testsuite hostname="WS-135" failures="0" tests="2" name="mavenb.PriceQuoteSub" time="27.201" errors="0" timestamp="2024-07-02T17:35:01 IST" skipped="0">
  <testcase classname="mavenb.PriceQuoteSub" name="loginWithRightCredentials" time="17.771"/>
  <testcase classname="mavenb.PriceQuoteSub" name="EditBaseRate" time="9.430"/>
</testsuite> <!-- mavenb.PriceQuoteSub -->
