<?xml version="1.0" encoding="UTF-8"?>
<!-- Generated by org.testng.reporters.JUnitReportReporter -->
<testsuite hostname="WS-135" failures="0" tests="3" name="mavenb.Delete" time="34.187" errors="0" timestamp="2024-07-01T15:30:21 IST" skipped="0">
  <testcase classname="mavenb.Delete" name="logIn" time="10.889"/>
  <testcase classname="mavenb.Delete" name="priceQuote" time="6.243"/>
  <testcase classname="mavenb.Delete" name="delete" time="17.055"/>
</testsuite> <!-- mavenb.Delete -->
